[info] - 10-04-2024 02:32:51 AM: GET /admin/users 304 - - 19.418 ms
[info] - 10-04-2024 02:33:07 AM: GET /admin 304 - - 22.494 ms
[info] - 10-04-2024 02:33:32 AM: GET /admin 200 22326 - 110.977 ms
[info] - 10-04-2024 02:33:40 AM: GET /admin 200 21402 - 8.460 ms
[info] - 10-04-2024 02:33:48 AM: GET /admin 200 21664 - 10.008 ms
[info] - 10-04-2024 02:33:59 AM: GET /admin 200 21536 - 9.051 ms
[info] - 10-04-2024 02:34:33 AM: GET /admin 304 - - 9.853 ms
[info] - 10-04-2024 02:34:43 AM: GET /admin 200 21528 - 8.059 ms
[info] - 10-04-2024 02:35:02 AM: GET /admin/pages/edit 200 30638 - 14.671 ms
[info] - 10-04-2024 02:36:22 AM: GET /admin/pages/edit 200 32367 - 8.261 ms
[info] - 10-04-2024 02:36:51 AM: GET /admin/pages/edit 200 31688 - 10.228 ms
[info] - 10-04-2024 02:36:53 AM: GET /admin/pages/users 404 156 - 2.667 ms
[info] - 10-04-2024 02:37:03 AM: GET /admin/pages/users 404 156 - 1.489 ms
[info] - 10-04-2024 02:37:05 AM: GET /admin/pages/edit 200 31682 - 11.820 ms
[info] - 10-04-2024 02:37:06 AM: GET /admin/users 200 22172 - 65.290 ms
[info] - 10-04-2024 02:37:44 AM: GET /admin/users 200 22035 - 5.411 ms
[info] - 10-04-2024 02:37:53 AM: GET /admin/users 200 22039 - 10.387 ms
[info] - 10-04-2024 02:38:01 AM: GET /admin/users 200 22043 - 9.811 ms
[info] - 10-04-2024 02:38:02 AM: GET /admin/users 304 - - 10.460 ms
[info] - 10-04-2024 02:38:04 AM: GET /admin/pages/edit 200 31553 - 10.009 ms
[info] - 10-04-2024 02:38:04 AM: GET /admin/users 304 - - 7.661 ms
